GROUP,PACKAGE,CLASS,INSTRUCTION_MISSED,INSTRUCTION_COVERED,BRANCH_MISSED,BRANCH_COVERED,LINE_MISSED,LINE_COVERED,COMPLEXITY_MISSED,COMPLEXITY_COVERED,METHOD_MISSED,METHOD_COVERED
Minesweeper2.0,com.tsi.training.NovCoh21.Minesweeper,Player,3,0,0,0,1,0,1,0,1,0
Minesweeper2.0,com.tsi.training.NovCoh21.Minesweeper,Board,273,0,48,0,53,0,36,0,12,0
Minesweeper2.0,com.tsi.training.NovCoh21.Minesweeper,Main,69,0,6,0,23,0,6,0,2,0
Minesweeper2.0,com.tsi.training.NovCoh21.Minesweeper,Space,0,40,0,0,0,12,0,9,0,9
Minesweeper2.0,com.tsi.training.NovCoh21.Minesweeper,Safe,8,0,0,0,3,0,1,0,1,0
Minesweeper2.0,com.tsi.training.NovCoh21.Minesweeper,Mine,8,0,0,0,3,0,1,0,1,0
